# JRE version: Java(TM) SE Runtime Environment (21.0.1+12) (build 21.0.1+12-LTS-29)
# Java VM: Java HotSpot(TM) 64-Bit Server VM (21.0.1+12-LTS-29, mixed mode, sharing, tiered, compressed oops, compressed class ptrs, parallel gc, windows-amd64)
GC Precious Log:
 CardTable entry size: 512
 CPUs: 6 total, 6 available
 Memory: 7541M
 Large Page Support: Disabled
 NUMA Support: Disabled
 Compressed Oops: Enabled (32-bit)
 Alignments: Space 512K, Generation 512K, Heap 2M
 Heap Min Capacity: 100M
 Heap Initial Capacity: 100M
 Heap Max Capacity: 1G
 Pre-touch: Disabled
 Parallel Workers: 6
Heap:
 PSYoungGen      total 14336K, used 5616K [0x00000000eab00000, 0x00000000ec080000, 0x0000000100000000)
  eden space 8704K, 0% used [0x00000000eab00000,0x00000000eab00000,0x00000000eb380000)
  from space 5632K, 99% used [0x00000000eb380000,0x00000000eb8fc010,0x00000000eb900000)
  to   space 6656K, 0% used [0x00000000eba00000,0x00000000eba00000,0x00000000ec080000)
 ParOldGen       total 215552K, used 213843K [0x00000000c0000000, 0x00000000cd280000, 0x00000000eab00000)
  object space 215552K, 99% used [0x00000000c0000000,0x00000000cd0d4f68,0x00000000cd280000)
 Metaspace       used 94570K, committed 96320K, reserved 1179648K
  class space    used 9085K, committed 9920K, reserved 1048576K
GC Heap History (20 events):
Event: 2651.047 GC heap before
{Heap before GC invocations=3967 (full 118):
 PSYoungGen      total 9216K, used 8969K [0x00000000eab00000, 0x00000000eb780000, 0x0000000100000000)
  eden space 8704K, 100% used [0x00000000eab00000,0x00000000eb380000,0x00000000eb380000)
  from space 512K, 51% used [0x00000000eb700000,0x00000000eb7426d8,0x00000000eb780000)
  to   space 512K, 0% used [0x00000000eb680000,0x00000000eb680000,0x00000000eb700000)
 ParOldGen       total 215552K, used 184780K [0x00000000c0000000, 0x00000000cd280000, 0x00000000eab00000)
  object space 215552K, 85% used [0x00000000c0000000,0x00000000cb473390,0x00000000cd280000)
 Metaspace       used 94563K, committed 96320K, reserved 1179648K
  class space    used 9085K, committed 9920K, reserved 1048576K
}
Event: 2651.049 GC heap after
{Heap after GC invocations=3967 (full 118):
 PSYoungGen      total 9216K, used 512K [0x00000000eab00000, 0x00000000eb780000, 0x0000000100000000)
  eden space 8704K, 0% used [0x00000000eab00000,0x00000000eab00000,0x00000000eb380000)
  from space 512K, 100% used [0x00000000eb680000,0x00000000eb700000,0x00000000eb700000)
  to   space 512K, 0% used [0x00000000eb700000,0x00000000eb700000,0x00000000eb780000)
 ParOldGen       total 215552K, used 184920K [0x00000000c0000000, 0x00000000cd280000, 0x00000000eab00000)
  object space 215552K, 85% used [0x00000000c0000000,0x00000000cb496368,0x00000000cd280000)
 Metaspace       used 94563K, committed 96320K, reserved 1179648K
  class space    used 9085K, committed 9920K, reserved 1048576K
}
Event: 2651.060 GC heap before
{Heap before GC invocations=3968 (full 118):
 PSYoungGen      total 9216K, used 8607K [0x00000000eab00000, 0x00000000eb780000, 0x0000000100000000)
  eden space 8704K, 93% used [0x00000000eab00000,0x00000000eb2e7cb8,0x00000000eb380000)
  from space 512K, 100% used [0x00000000eb680000,0x00000000eb700000,0x00000000eb700000)
  to   space 512K, 0% used [0x00000000eb700000,0x00000000eb700000,0x00000000eb780000)
 ParOldGen       total 215552K, used 184920K [0x00000000c0000000, 0x00000000cd280000, 0x00000000eab00000)
  object space 215552K, 85% used [0x00000000c0000000,0x00000000cb496368,0x00000000cd280000)
 Metaspace       used 94563K, committed 96320K, reserved 1179648K
  class space    used 9085K, committed 9920K, reserved 1048576K
}
Event: 2651.062 GC heap after
{Heap after GC invocations=3968 (full 118):
 PSYoungGen      total 9216K, used 506K [0x00000000eab00000, 0x00000000eb780000, 0x0000000100000000)
  eden space 8704K, 0% used [0x00000000eab00000,0x00000000eab00000,0x00000000eb380000)
  from space 512K, 98% used [0x00000000eb700000,0x00000000eb77e900,0x00000000eb780000)
  to   space 1536K, 0% used [0x00000000eb480000,0x00000000eb480000,0x00000000eb600000)
 ParOldGen       total 215552K, used 185432K [0x00000000c0000000, 0x00000000cd280000, 0x00000000eab00000)
  object space 215552K, 86% used [0x00000000c0000000,0x00000000cb516368,0x00000000cd280000)
 Metaspace       used 94563K, committed 96320K, reserved 1179648K
  class space    used 9085K, committed 9920K, reserved 1048576K
}
Event: 2651.071 GC heap before
{Heap before GC invocations=3969 (full 118):
 PSYoungGen      total 9216K, used 8304K [0x00000000eab00000, 0x00000000eb780000, 0x0000000100000000)
  eden space 8704K, 89% used [0x00000000eab00000,0x00000000eb29d9c0,0x00000000eb380000)
  from space 512K, 98% used [0x00000000eb700000,0x00000000eb77e900,0x00000000eb780000)
  to   space 1536K, 0% used [0x00000000eb480000,0x00000000eb480000,0x00000000eb600000)
 ParOldGen       total 215552K, used 185432K [0x00000000c0000000, 0x00000000cd280000, 0x00000000eab00000)
  object space 215552K, 86% used [0x00000000c0000000,0x00000000cb516368,0x00000000cd280000)
 Metaspace       used 94563K, committed 96320K, reserved 1179648K
  class space    used 9085K, committed 9920K, reserved 1048576K
}
Event: 2651.073 GC heap after
{Heap after GC invocations=3969 (full 118):
 PSYoungGen      total 10240K, used 128K [0x00000000eab00000, 0x00000000eb780000, 0x0000000100000000)
  eden space 8704K, 0% used [0x00000000eab00000,0x00000000eab00000,0x00000000eb380000)
  from space 1536K, 8% used [0x00000000eb480000,0x00000000eb4a0000,0x00000000eb600000)
  to   space 512K, 0% used [0x00000000eb700000,0x00000000eb700000,0x00000000eb780000)
 ParOldGen       total 215552K, used 185742K [0x00000000c0000000, 0x00000000cd280000, 0x00000000eab00000)
  object space 215552K, 86% used [0x00000000c0000000,0x00000000cb563918,0x00000000cd280000)
 Metaspace       used 94563K, committed 96320K, reserved 1179648K
  class space    used 9085K, committed 9920K, reserved 1048576K
}
Event: 2651.175 GC heap before
{Heap before GC invocations=3970 (full 118):
 PSYoungGen      total 10240K, used 8832K [0x00000000eab00000, 0x00000000eb780000, 0x0000000100000000)
  eden space 8704K, 100% used [0x00000000eab00000,0x00000000eb380000,0x00000000eb380000)
  from space 1536K, 8% used [0x00000000eb480000,0x00000000eb4a0000,0x00000000eb600000)
  to   space 512K, 0% used [0x00000000eb700000,0x00000000eb700000,0x00000000eb780000)
 ParOldGen       total 215552K, used 185742K [0x00000000c0000000, 0x00000000cd280000, 0x00000000eab00000)
  object space 215552K, 86% used [0x00000000c0000000,0x00000000cb563918,0x00000000cd280000)
 Metaspace       used 94563K, committed 96320K, reserved 1179648K
  class space    used 9085K, committed 9920K, reserved 1048576K
}
Event: 2651.179 GC heap after
{Heap after GC invocations=3970 (full 118):
 PSYoungGen      total 9216K, used 510K [0x00000000eab00000, 0x00000000eb780000, 0x0000000100000000)
  eden space 8704K, 0% used [0x00000000eab00000,0x00000000eab00000,0x00000000eb380000)
  from space 512K, 99% used [0x00000000eb700000,0x00000000eb77f860,0x00000000eb780000)
  to   space 1536K, 0% used [0x00000000eb480000,0x00000000eb480000,0x00000000eb600000)
 ParOldGen       total 215552K, used 186359K [0x00000000c0000000, 0x00000000cd280000, 0x00000000eab00000)
  object space 215552K, 86% used [0x00000000c0000000,0x00000000cb5fdd58,0x00000000cd280000)
 Metaspace       used 94563K, committed 96320K, reserved 1179648K
  class space    used 9085K, committed 9920K, reserved 1048576K
}
Event: 2651.461 GC heap before
{Heap before GC invocations=3971 (full 118):
 PSYoungGen      total 9216K, used 9214K [0x00000000eab00000, 0x00000000eb780000, 0x0000000100000000)
  eden space 8704K, 100% used [0x00000000eab00000,0x00000000eb380000,0x00000000eb380000)
  from space 512K, 99% used [0x00000000eb700000,0x00000000eb77f860,0x00000000eb780000)
  to   space 1536K, 0% used [0x00000000eb480000,0x00000000eb480000,0x00000000eb600000)
 ParOldGen       total 215552K, used 186359K [0x00000000c0000000, 0x00000000cd280000, 0x00000000eab00000)
  object space 215552K, 86% used [0x00000000c0000000,0x00000000cb5fdd58,0x00000000cd280000)
 Metaspace       used 94563K, committed 96320K, reserved 1179648K
  class space    used 9085K, committed 9920K, reserved 1048576K
}
Event: 2651.462 GC heap after
{Heap after GC invocations=3971 (full 118):
 PSYoungGen      total 10240K, used 996K [0x00000000eab00000, 0x00000000eb780000, 0x0000000100000000)
  eden space 8704K, 0% used [0x00000000eab00000,0x00000000eab00000,0x00000000eb380000)
  from space 1536K, 64% used [0x00000000eb480000,0x00000000eb579210,0x00000000eb600000)
  to   space 1536K, 0% used [0x00000000eb600000,0x00000000eb600000,0x00000000eb780000)
 ParOldGen       total 215552K, used 186864K [0x00000000c0000000, 0x00000000cd280000, 0x00000000eab00000)
  object space 215552K, 86% used [0x00000000c0000000,0x00000000cb67c340,0x00000000cd280000)
 Metaspace       used 94563K, committed 96320K, reserved 1179648K
  class space    used 9085K, committed 9920K, reserved 1048576K
}
Event: 2652.010 GC heap before
{Heap before GC invocations=3972 (full 118):
 PSYoungGen      total 10240K, used 9512K [0x00000000eab00000, 0x00000000eb780000, 0x0000000100000000)
  eden space 8704K, 97% used [0x00000000eab00000,0x00000000eb350ec8,0x00000000eb380000)
  from space 1536K, 64% used [0x00000000eb480000,0x00000000eb579210,0x00000000eb600000)
  to   space 1536K, 0% used [0x00000000eb600000,0x00000000eb600000,0x00000000eb780000)
 ParOldGen       total 215552K, used 186864K [0x00000000c0000000, 0x00000000cd280000, 0x00000000eab00000)
  object space 215552K, 86% used [0x00000000c0000000,0x00000000cb67c340,0x00000000cd280000)
 Metaspace       used 94566K, committed 96320K, reserved 1179648K
  class space    used 9085K, committed 9920K, reserved 1048576K
}
Event: 2652.012 GC heap after
{Heap after GC invocations=3972 (full 118):
 PSYoungGen      total 9216K, used 224K [0x00000000eab00000, 0x00000000eb680000, 0x0000000100000000)
  eden space 8704K, 0% used [0x00000000eab00000,0x00000000eab00000,0x00000000eb380000)
  from space 512K, 43% used [0x00000000eb600000,0x00000000eb638000,0x00000000eb680000)
  to   space 1024K, 0% used [0x00000000eb480000,0x00000000eb480000,0x00000000eb580000)
 ParOldGen       total 215552K, used 187769K [0x00000000c0000000, 0x00000000cd280000, 0x00000000eab00000)
  object space 215552K, 87% used [0x00000000c0000000,0x00000000cb75e798,0x00000000cd280000)
 Metaspace       used 94566K, committed 96320K, reserved 1179648K
  class space    used 9085K, committed 9920K, reserved 1048576K
}
Event: 2652.023 GC heap before
{Heap before GC invocations=3973 (full 118):
 PSYoungGen      total 9216K, used 8928K [0x00000000eab00000, 0x00000000eb680000, 0x0000000100000000)
  eden space 8704K, 100% used [0x00000000eab00000,0x00000000eb380000,0x00000000eb380000)
  from space 512K, 43% used [0x00000000eb600000,0x00000000eb638000,0x00000000eb680000)
  to   space 1024K, 0% used [0x00000000eb480000,0x00000000eb480000,0x00000000eb580000)
 ParOldGen       total 215552K, used 187769K [0x00000000c0000000, 0x00000000cd280000, 0x00000000eab00000)
  object space 215552K, 87% used [0x00000000c0000000,0x00000000cb75e798,0x00000000cd280000)
 Metaspace       used 94566K, committed 96320K, reserved 1179648K
  class space    used 9085K, committed 9920K, reserved 1048576K
}
Event: 2652.029 GC heap after
{Heap after GC invocations=3973 (full 118):
 PSYoungGen      total 9728K, used 1014K [0x00000000eab00000, 0x00000000ec580000, 0x0000000100000000)
  eden space 8704K, 0% used [0x00000000eab00000,0x00000000eab00000,0x00000000eb380000)
  from space 1024K, 99% used [0x00000000eb480000,0x00000000eb57d918,0x00000000eb580000)
  to   space 9216K, 0% used [0x00000000ebc80000,0x00000000ebc80000,0x00000000ec580000)
 ParOldGen       total 215552K, used 194430K [0x00000000c0000000, 0x00000000cd280000, 0x00000000eab00000)
  object space 215552K, 90% used [0x00000000c0000000,0x00000000cbddfb60,0x00000000cd280000)
 Metaspace       used 94566K, committed 96320K, reserved 1179648K
  class space    used 9085K, committed 9920K, reserved 1048576K
}
Event: 2652.051 GC heap before
{Heap before GC invocations=3974 (full 118):
 PSYoungGen      total 9728K, used 9604K [0x00000000eab00000, 0x00000000ec580000, 0x0000000100000000)
  eden space 8704K, 98% used [0x00000000eab00000,0x00000000eb363960,0x00000000eb380000)
  from space 1024K, 99% used [0x00000000eb480000,0x00000000eb57d918,0x00000000eb580000)
  to   space 9216K, 0% used [0x00000000ebc80000,0x00000000ebc80000,0x00000000ec580000)
 ParOldGen       total 215552K, used 194430K [0x00000000c0000000, 0x00000000cd280000, 0x00000000eab00000)
  object space 215552K, 90% used [0x00000000c0000000,0x00000000cbddfb60,0x00000000cd280000)
 Metaspace       used 94566K, committed 96320K, reserved 1179648K
  class space    used 9085K, committed 9920K, reserved 1048576K
}
Event: 2652.057 GC heap after
{Heap after GC invocations=3974 (full 118):
 PSYoungGen      total 17920K, used 8352K [0x00000000eab00000, 0x00000000ec700000, 0x0000000100000000)
  eden space 8704K, 0% used [0x00000000eab00000,0x00000000eab00000,0x00000000eb380000)
  from space 9216K, 90% used [0x00000000ebc80000,0x00000000ec4a8000,0x00000000ec580000)
  to   space 9216K, 0% used [0x00000000eb380000,0x00000000eb380000,0x00000000ebc80000)
 ParOldGen       total 215552K, used 196042K [0x00000000c0000000, 0x00000000cd280000, 0x00000000eab00000)
  object space 215552K, 90% used [0x00000000c0000000,0x00000000cbf72b08,0x00000000cd280000)
 Metaspace       used 94566K, committed 96320K, reserved 1179648K
  class space    used 9085K, committed 9920K, reserved 1048576K
}
Event: 2652.130 GC heap before
{Heap before GC invocations=3975 (full 118):
 PSYoungGen      total 17920K, used 17045K [0x00000000eab00000, 0x00000000ec700000, 0x0000000100000000)
  eden space 8704K, 99% used [0x00000000eab00000,0x00000000eb37d470,0x00000000eb380000)
  from space 9216K, 90% used [0x00000000ebc80000,0x00000000ec4a8000,0x00000000ec580000)
  to   space 9216K, 0% used [0x00000000eb380000,0x00000000eb380000,0x00000000ebc80000)
 ParOldGen       total 215552K, used 196042K [0x00000000c0000000, 0x00000000cd280000, 0x00000000eab00000)
  object space 215552K, 90% used [0x00000000c0000000,0x00000000cbf72b08,0x00000000cd280000)
 Metaspace       used 94567K, committed 96320K, reserved 1179648K
  class space    used 9085K, committed 9920K, reserved 1048576K
}
Event: 2652.138 GC heap after
{Heap after GC invocations=3975 (full 118):
 PSYoungGen      total 14336K, used 5587K [0x00000000eab00000, 0x00000000ec080000, 0x0000000100000000)
  eden space 8704K, 0% used [0x00000000eab00000,0x00000000eab00000,0x00000000eb380000)
  from space 5632K, 99% used [0x00000000eb380000,0x00000000eb8f4f00,0x00000000eb900000)
  to   space 6656K, 0% used [0x00000000eba00000,0x00000000eba00000,0x00000000ec080000)
 ParOldGen       total 215552K, used 203658K [0x00000000c0000000, 0x00000000cd280000, 0x00000000eab00000)
  object space 215552K, 94% used [0x00000000c0000000,0x00000000cc6e2b08,0x00000000cd280000)
 Metaspace       used 94567K, committed 96320K, reserved 1179648K
  class space    used 9085K, committed 9920K, reserved 1048576K
}
Event: 2652.150 GC heap before
{Heap before GC invocations=3976 (full 118):
 PSYoungGen      total 14336K, used 14291K [0x00000000eab00000, 0x00000000ec080000, 0x0000000100000000)
  eden space 8704K, 100% used [0x00000000eab00000,0x00000000eb380000,0x00000000eb380000)
  from space 5632K, 99% used [0x00000000eb380000,0x00000000eb8f4f00,0x00000000eb900000)
  to   space 6656K, 0% used [0x00000000eba00000,0x00000000eba00000,0x00000000ec080000)
 ParOldGen       total 215552K, used 203658K [0x00000000c0000000, 0x00000000cd280000, 0x00000000eab00000)
  object space 215552K, 94% used [0x00000000c0000000,0x00000000cc6e2b08,0x00000000cd280000)
 Metaspace       used 94567K, committed 96320K, reserved 1179648K
  class space    used 9085K, committed 9920K, reserved 1048576K
}
Event: 2652.159 GC heap after
{Heap after GC invocations=3976 (full 118):
 PSYoungGen      total 15360K, used 6600K [0x00000000eab00000, 0x00000000ec080000, 0x0000000100000000)
  eden space 8704K, 0% used [0x00000000eab00000,0x00000000eab00000,0x00000000eb380000)
  from space 6656K, 99% used [0x00000000eba00000,0x00000000ec072010,0x00000000ec080000)
  to   space 5632K, 0% used [0x00000000eb380000,0x00000000eb380000,0x00000000eb900000)
 ParOldGen       total 215552K, used 209172K [0x00000000c0000000, 0x00000000cd280000, 0x00000000eab00000)
  object space 215552K, 97% used [0x00000000c0000000,0x00000000ccc451d0,0x00000000cd280000)
 Metaspace       used 94567K, committed 96320K, reserved 1179648K
  class space    used 9085K, committed 9920K, reserved 1048576K
}

